TN:
SF:./src/app/app.mdl.js
FN:1,(anonymous_1)
FN:6,appConfig
FN:23,(anonymous_3)
FN:53,(anonymous_4)
FNF:4
FNH:3
FNDA:1,(anonymous_1)
FNDA:1,appConfig
FNDA:0,(anonymous_3)
FNDA:1,(anonymous_4)
DA:1,1
DA:4,1
DA:6,1
DA:11,1
DA:12,1
DA:13,1
DA:15,1
DA:25,0
DA:26,0
DA:29,0
DA:33,1
DA:50,1
DA:53,1
LF:13
LH:10
BRDA:25,1,0,0
BRDA:25,1,1,0
BRDA:25,2,0,0
BRDA:25,2,1,0
BRF:4
BRH:0
end_of_record
TN:
SF:./src/app/common/component/product-card/product-card.ctrl.js
FN:1,(anonymous_1)
FN:6,productCardCtrl
FN:20,init
FN:25,onSelect
FN:43,defaultOnSelectAction
FN:48,cardAction
FN:63,editCard
FN:67,addCard
FN:79,deleteCard
FN:82,(anonymous_10)
FN:90,showModal
FN:100,(anonymous_12)
FNF:12
FNH:1
FNDA:1,(anonymous_1)
FNDA:0,productCardCtrl
FNDA:0,init
FNDA:0,onSelect
FNDA:0,defaultOnSelectAction
FNDA:0,cardAction
FNDA:0,editCard
FNDA:0,addCard
FNDA:0,deleteCard
FNDA:0,(anonymous_10)
FNDA:0,showModal
FNDA:0,(anonymous_12)
DA:1,1
DA:4,1
DA:6,1
DA:8,0
DA:12,0
DA:14,0
DA:15,0
DA:16,0
DA:18,0
DA:20,1
DA:21,0
DA:22,0
DA:25,1
DA:26,0
DA:29,0
DA:30,0
DA:31,0
DA:34,0
DA:35,0
DA:38,0
DA:39,0
DA:43,1
DA:44,0
DA:45,0
DA:48,1
DA:49,0
DA:50,0
DA:52,0
DA:53,0
DA:54,0
DA:55,0
DA:56,0
DA:63,1
DA:64,0
DA:67,1
DA:68,0
DA:74,0
DA:76,0
DA:79,1
DA:81,0
DA:82,0
DA:83,0
DA:86,0
DA:90,1
DA:91,0
DA:101,0
LF:46
LH:11
BRDA:26,1,0,0
BRDA:26,1,1,0
BRDA:26,1,2,0
BRDA:49,2,0,0
BRDA:49,2,1,0
BRDA:53,3,0,0
BRDA:53,3,1,0
BRDA:55,4,0,0
BRDA:55,4,1,0
BRDA:81,5,0,0
BRDA:81,5,1,0
BRF:11
BRH:0
end_of_record
TN:
SF:./src/app/common/component/sub-product-modal/sub-product-modal.ctrl.js
FN:6,(anonymous_1)
FN:10,subProductModal
FN:16,init
FN:21,dismiss
FN:25,close
FNF:5
FNH:1
FNDA:1,(anonymous_1)
FNDA:0,subProductModal
FNDA:0,init
FNDA:0,dismiss
FNDA:0,close
DA:6,1
DA:8,1
DA:10,1
DA:11,0
DA:13,0
DA:14,0
DA:16,1
DA:17,0
DA:18,0
DA:21,1
DA:22,0
DA:25,1
DA:26,0
LF:13
LH:6
BRF:0
BRH:0
end_of_record
TN:
SF:./src/app/common/component/vertical-nav/vertical-nav.ctrl.js
FN:1,(anonymous_1)
FN:6,verticalNavCtrl
FN:13,init
FN:16,displayTitle
FNF:4
FNH:1
FNDA:1,(anonymous_1)
FNDA:0,verticalNavCtrl
FNDA:0,init
FNDA:0,displayTitle
DA:1,1
DA:4,1
DA:6,1
DA:8,0
DA:9,0
DA:11,0
DA:13,1
DA:16,1
DA:17,0
LF:9
LH:5
BRDA:17,1,0,0
BRDA:17,1,1,0
BRF:2
BRH:0
end_of_record
TN:
SF:./src/app/common/services/constants.js
FN:4,(anonymous_1)
FNF:1
FNH:1
FNDA:1,(anonymous_1)
DA:4,1
DA:6,1
LF:2
LH:2
BRF:0
BRH:0
end_of_record
TN:
SF:./src/app/common/services/filters.js
FN:8,(anonymous_1)
FN:10,(anonymous_2)
FN:11,(anonymous_3)
FN:15,(anonymous_4)
FNF:4
FNH:1
FNDA:1,(anonymous_1)
FNDA:0,(anonymous_2)
FNDA:0,(anonymous_3)
FNDA:0,(anonymous_4)
DA:8,1
DA:10,1
DA:11,0
DA:12,0
DA:15,0
DA:16,0
DA:18,0
LF:7
LH:2
BRDA:16,1,0,0
BRDA:16,1,1,0
BRDA:18,2,0,0
BRDA:18,2,1,0
BRF:4
BRH:0
end_of_record
TN:
SF:./src/app/common/services/login.srv.js
FN:4,(anonymous_1)
FN:8,loginSrv
FN:10,validate
FN:16,(anonymous_4)
FNF:4
FNH:2
FNDA:1,(anonymous_1)
FNDA:1,loginSrv
FNDA:0,validate
FNDA:0,(anonymous_4)
DA:4,1
DA:6,1
DA:8,1
DA:10,1
DA:15,0
DA:17,0
DA:20,1
LF:7
LH:5
BRF:0
BRH:0
end_of_record
TN:
SF:./src/app/ds-entities.js
FN:1,(anonymous_1)
FN:4,(anonymous_2)
FNF:2
FNH:2
FNDA:1,(anonymous_1)
FNDA:1,(anonymous_2)
DA:1,1
DA:4,1
DA:6,1
DA:21,1
DA:43,1
LF:5
LH:5
BRF:0
BRH:0
end_of_record
TN:
SF:./src/app/library/library.ctrl.js
FN:1,(anonymous_1)
FN:6,libraryCtrl
FN:17,init
FN:18,(anonymous_4)
FN:23,usrActivate
FN:27,onSelect
FNF:6
FNH:1
FNDA:1,(anonymous_1)
FNDA:0,libraryCtrl
FNDA:0,init
FNDA:0,(anonymous_4)
FNDA:0,usrActivate
FNDA:0,onSelect
DA:1,1
DA:4,1
DA:6,1
DA:8,0
DA:10,0
DA:12,0
DA:13,0
DA:15,0
DA:17,1
DA:18,0
DA:19,0
DA:23,1
DA:27,1
DA:28,0
LF:14
LH:6
BRF:0
BRH:0
end_of_record
TN:
SF:./src/app/login-screen/login-screen.ctrl.js
FN:1,(anonymous_1)
FN:6,loginScreenCtrl
FN:13,init
FN:17,validateUsr
FN:19,(anonymous_5)
FNF:5
FNH:3
FNDA:1,(anonymous_1)
FNDA:1,loginScreenCtrl
FNDA:1,init
FNDA:0,validateUsr
FNDA:0,(anonymous_5)
DA:1,1
DA:4,1
DA:6,1
DA:8,1
DA:10,1
DA:11,1
DA:13,1
DA:17,1
DA:18,0
DA:20,0
DA:21,0
DA:23,0
LF:12
LH:8
BRDA:20,1,0,0
BRDA:20,1,1,0
BRF:2
BRH:0
end_of_record
